<?xml version="1.0" encoding="UTF-8"?>
<!-- Generated by org.testng.reporters.JUnitReportReporter -->
<testsuite skipped="0" hostname="unitrust-PC" name="com.tsa.util.MyTest" tests="1" failures="0" timestamp="05 七月 2018 09:21:01 GMT" time="94.642" errors="0">
  <testcase name="test" time="94.642" classname="com.tsa.util.MyTest"/>
</testsuite> <!-- com.tsa.util.MyTest -->
