<?xml version="1.0" encoding="UTF-8"?>
<!-- Generated by org.testng.reporters.JUnitReportReporter -->
<testsuite skipped="0" hostname="unitrust-PC" name="com.tsa.util.MyTest" tests="1" failures="0" timestamp="02 七月 2018 08:50:56 GMT" time="41.755" errors="0">
  <testcase name="test" time="41.755" classname="com.tsa.util.MyTest"/>
</testsuite> <!-- com.tsa.util.MyTest -->
